#
# There is insufficient memory for the Java Runtime Environment to continue.
# Native memory allocation (malloc) failed to allocate 1098256 bytes for Chunk::new
# Possible reasons:
#   The system is out of physical RAM or swap space
#   In 32 bit mode, the process size limit was hit
# Possible solutions:
#   Reduce memory load on the system
#   Increase physical memory or swap space
#   Check if swap backing store is full
#   Use 64 bit Java on a 64 bit OS
#   Decrease Java heap size (-Xmx/-Xms)
#   Decrease number of Java threads
#   Decrease Java thread stack sizes (-Xss)
#   Set larger code cache with -XX:ReservedCodeCacheSize=
# This output file may be truncated or incomplete.
#
#  Out of Memory Error (allocation.cpp:390), pid=19272, tid=8904
#
# JRE version: Java(TM) SE Runtime Environment (8.0_60-b27) (build 1.8.0_60-b27)
# Java VM: Java HotSpot(TM) 64-Bit Server VM (25.60-b23 mixed mode windows-amd64 compressed oops)
# Failed to write core dump. Minidumps are not enabled by default on client versions of Windows
#

---------------  T H R E A D  ---------------

Current thread (0x0000000014c80000):  JavaThread "C2 CompilerThread0" daemon [_thread_in_native, id=8904, stack(0x00000000162c0000,0x00000000163c0000)]

Stack: [0x00000000162c0000,0x00000000163c0000]
[error occurred during error reporting (printing stack bounds), id 0xc0000005]

Native frames: (J=compiled Java code, j=interpreted, Vv=VM code, C=native code)


Current CompileTask:
C2:   8112 1442       4       com.android.dx.ssa.SCCP::simulateBlock (54 bytes)


---------------  P R O C E S S  ---------------

Java Threads: ( => current thread )
  0x000000001672c800 JavaThread "pool-1-thread-4" [_thread_in_Java, id=16964, stack(0x0000000016fc0000,0x00000000170c0000)]
  0x000000001672b800 JavaThread "pool-1-thread-3" [_thread_in_Java, id=15268, stack(0x0000000016ec0000,0x0000000016fc0000)]
  0x0000000016726800 JavaThread "pool-1-thread-2" [_thread_in_Java, id=18832, stack(0x0000000016dc0000,0x0000000016ec0000)]
  0x0000000016723800 JavaThread "pool-2-thread-1" [_thread_blocked, id=10892, stack(0x0000000016cc0000,0x0000000016dc0000)]
  0x0000000016722800 JavaThread "pool-1-thread-1" [_thread_in_Java, id=13936, stack(0x0000000016bc0000,0x0000000016cc0000)]
  0x00000000164c8000 JavaThread "Service Thread" daemon [_thread_blocked, id=14316, stack(0x00000000169c0000,0x0000000016ac0000)]
  0x00000000164c0800 JavaThread "C1 CompilerThread2" daemon [_thread_blocked, id=12080, stack(0x00000000168c0000,0x00000000169c0000)]
  0x0000000014cdc000 JavaThread "C2 CompilerThread1" daemon [_thread_in_native, id=15096, stack(0x00000000163c0000,0x00000000164c0000)]
=>0x0000000014c80000 JavaThread "C2 CompilerThread0" daemon [_thread_in_native, id=8904, stack(0x00000000162c0000,0x00000000163c0000)]
  0x0000000014c7d800 JavaThread "Attach Listener" daemon [_thread_blocked, id=6404, stack(0x00000000161c0000,0x00000000162c0000)]
  0x0000000014c7c800 JavaThread "Signal Dispatcher" daemon [_thread_blocked, id=14100, stack(0x00000000160c0000,0x00000000161c0000)]
  0x00000000025a1800 JavaThread "Finalizer" daemon [_thread_blocked, id=3452, stack(0x0000000015ed0000,0x0000000015fd0000)]
  0x000000000259e000 JavaThread "Reference Handler" daemon [_thread_blocked, id=18276, stack(0x0000000015dd0000,0x0000000015ed0000)]
  0x00000000023ae000 JavaThread "main" [_thread_in_vm, id=16144, stack(0x0000000002200000,0x0000000002300000)]

Other Threads:
  0x0000000014c48000 VMThread [stack: 0x0000000015cd0000,0x0000000015dd0000] [id=15388]
  0x00000000164ec000 WatcherThread [stack: 0x0000000016ac0000,0x0000000016bc0000] [id=13268]

VM state:not at safepoint (normal execution)

VM Mutex/Monitor currently owned by a thread: None

Heap:
 PSYoungGen      total 38400K, used 32183K [0x00000000eab00000, 0x00000000ef600000, 0x0000000100000000)
  eden space 33280K, 81% used [0x00000000eab00000,0x00000000ec574138,0x00000000ecb80000)
  from space 5120K, 99% used [0x00000000ecb80000,0x00000000ed079c78,0x00000000ed080000)
  to   space 5120K, 0% used [0x00000000ef100000,0x00000000ef100000,0x00000000ef600000)
 ParOldGen       total 87552K, used 1978K [0x00000000c0000000, 0x00000000c5580000, 0x00000000eab00000)
  object space 87552K, 2% used [0x00000000c0000000,0x00000000c01eeb20,0x00000000c5580000)
 Metaspace       used 6074K, capacity 7088K, committed 7296K, reserved 1056768K
  class space    used 595K, capacity 616K, committed 640K, reserved 1048576K

Card table byte_map: [0x0000000011970000,0x0000000011b80000] byte_map_base: 0x0000000011370000

Marking Bits: (ParMarkBitMap*) 0x0000000053f4a5b0
 Begin Bits: [0x00000000120e0000, 0x00000000130e0000)
 End Bits:   [0x00000000130e0000, 0x00000000140e0000)

Polling page: 0x00000000003b0000

CodeCache: size=245760Kb used=6537Kb max_used=6549Kb free=239222Kb
 bounds [0x00000000025b0000, 0x0000000002c20000, 0x00000000115b0000]
 total_blobs=1749 nmethods=1480 adapters=182
 compilation: enabled

Compilation events (10 events):
Event: 8.097 Thread 0x00000000164c0800 1484       3       com.android.dx.rop.code.Insn::contentEquals (84 bytes)
Event: 8.098 Thread 0x00000000164c0800 nmethod 1484 0x0000000002c11350 code [0x0000000002c11540, 0x0000000002c12178]
Event: 8.098 Thread 0x0000000014cdc000 nmethod 1478 0x0000000002c10910 code [0x0000000002c10aa0, 0x0000000002c11018]
Event: 8.098 Thread 0x0000000014cdc000 1483       4       com.android.dx.ssa.DeadCodeRemover::pruneDeadInstructions (246 bytes)
Event: 8.100 Thread 0x00000000164c0800 1487   !   3       com.android.dx.cf.code.Merger::mergeStack (192 bytes)
Event: 8.101 Thread 0x00000000164c0800 nmethod 1487 0x0000000002c13550 code [0x0000000002c138e0, 0x0000000002c158d8]
Event: 8.101 Thread 0x00000000164c0800 1488       3       com.android.dx.util.IntList::equals (82 bytes)
Event: 8.102 Thread 0x00000000164c0800 nmethod 1488 0x0000000002c12c10 code [0x0000000002c12da0, 0x0000000002c13350]
Event: 8.108 Thread 0x00000000164c0800 1489       3       com.android.dx.rop.code.Rops::opMarkLocal (69 bytes)
Event: 8.109 Thread 0x00000000164c0800 nmethod 1489 0x0000000002c16ad0 code [0x0000000002c16d00, 0x0000000002c178d8]

GC Heap History (2 events):
Event: 6.458 GC heap before
{Heap before GC invocations=1 (full 0):
 PSYoungGen      total 38400K, used 33280K [0x00000000eab00000, 0x00000000ed580000, 0x0000000100000000)
  eden space 33280K, 100% used [0x00000000eab00000,0x00000000ecb80000,0x00000000ecb80000)
  from space 5120K, 0% used [0x00000000ed080000,0x00000000ed080000,0x00000000ed580000)
  to   space 5120K, 0% used [0x00000000ecb80000,0x00000000ecb80000,0x00000000ed080000)
 ParOldGen       total 87552K, used 0K [0x00000000c0000000, 0x00000000c5580000, 0x00000000eab00000)
  object space 87552K, 0% used [0x00000000c0000000,0x00000000c0000000,0x00000000c5580000)
 Metaspace       used 5969K, capacity 6960K, committed 7040K, reserved 1056768K
  class space    used 594K, capacity 616K, committed 640K, reserved 1048576K
Event: 6.662 GC heap after
Heap after GC invocations=1 (full 0):
 PSYoungGen      total 38400K, used 5095K [0x00000000eab00000, 0x00000000ef600000, 0x0000000100000000)
  eden space 33280K, 0% used [0x00000000eab00000,0x00000000eab00000,0x00000000ecb80000)
  from space 5120K, 99% used [0x00000000ecb80000,0x00000000ed079c78,0x00000000ed080000)
  to   space 5120K, 0% used [0x00000000ef100000,0x00000000ef100000,0x00000000ef600000)
 ParOldGen       total 87552K, used 1978K [0x00000000c0000000, 0x00000000c5580000, 0x00000000eab00000)
  object space 87552K, 2% used [0x00000000c0000000,0x00000000c01eeb20,0x00000000c5580000)
 Metaspace       used 5969K, capacity 6960K, committed 7040K, reserved 1056768K
  class space    used 594K, capacity 616K, committed 640K, reserved 1048576K
}

Deoptimization events (10 events):
Event: 3.483 Thread 0x0000000016726800 Uncommon trap: reason=unstable_if action=reinterpret pc=0x00000000027cd374 method=java.util.HashMap.getNode(ILjava/lang/Object;)Ljava/util/HashMap$Node; @ 129
Event: 3.989 Thread 0x00000000023ae000 Uncommon trap: reason=unstable_if action=reinterpret pc=0x000000000284c3b4 method=java.util.BitSet.ensureCapacity(I)V @ 6
Event: 3.989 Thread 0x00000000023ae000 Uncommon trap: reason=unstable_if action=reinterpret pc=0x0000000002806370 method=java.util.BitSet.nextSetBit(I)I @ 87
Event: 5.275 Thread 0x0000000016722800 Uncommon trap: reason=unstable_if action=reinterpret pc=0x000000000294d52c method=com.android.dx.rop.code.RegisterSpecSet.put(Lcom/android/dx/rop/code/RegisterSpec;)V @ 77
Event: 5.275 Thread 0x0000000016722800 Uncommon trap: reason=unstable_if action=reinterpret pc=0x000000000295d8a0 method=com.android.dx.rop.code.RegisterSpecSet.put(Lcom/android/dx/rop/code/RegisterSpec;)V @ 77
Event: 5.407 Thread 0x000000001672b800 Uncommon trap: reason=unstable_if action=reinterpret pc=0x00000000029ee688 method=com.android.dx.ssa.SsaRenamer$BlockRenamer.addMapping(ILcom/android/dx/rop/code/RegisterSpec;)V @ 120
Event: 5.414 Thread 0x000000001672c800 Uncommon trap: reason=bimorphic action=maybe_recompile pc=0x00000000028e5364 method=java.util.HashMap.getNode(ILjava/lang/Object;)Ljava/util/HashMap$Node; @ 126
Event: 5.496 Thread 0x0000000016722800 Uncommon trap: reason=null_check action=make_not_entrant pc=0x00000000028dea4c method=com.android.dx.ssa.SsaRenamer.getLocalForNewReg(I)Lcom/android/dx/rop/code/LocalItem; @ 19
Event: 7.208 Thread 0x000000001672c800 Uncommon trap: reason=unstable_if action=reinterpret pc=0x0000000002aecc0c method=com.android.dx.ssa.SCCP.simulateStmt(Lcom/android/dx/ssa/SsaInsn;)V @ 418
Event: 7.290 Thread 0x00000000023ae000 Uncommon trap: reason=unloaded action=reinterpret pc=0x0000000002aa0cc8 method=com.android.dx.cf.cst.ConstantPoolParser.parse0(ILjava/util/BitSet;)Lcom/android/dx/rop/cst/Constant; @ 198

Internal exceptions (3 events):
Event: 0.274 Thread 0x00000000023ae000 Exception <a 'java/lang/NoSuchMethodError': Method sun.misc.Unsafe.defineClass(Ljava/lang/String;[BII)Ljava/lang/Class; name or signature does not match> (0x00000000eab0ddf0) thrown at [C:\re\workspace\8-2-build-windows-amd64-cygwin\jdk8u60\4407\hotspot\sr:õ-õ…Ñ?
Event: 0.274 Thread 0x00000000023ae000 Exception <a 'java/lang/NoSuchMethodError': Method sun.misc.Unsafe.prefetchRead(Ljava/lang/Object;J)V name or signature does not match> (0x00000000eab0e0d8) thrown at [C:\re\workspace\8-2-build-windows-amd64-cygwin\jdk8u60\4407\hotspot\src\share\vm\prims\j†åØtû@
Event: 5.496 Thread 0x0000000016722800 Implicit null exception at 0x00000000028dc8d3 to 0x00000000028dea09

Events (10 events):
Event: 6.309 Executing VM operation: ParallelGCFailedAllocation
Event: 6.662 Executing VM operation: ParallelGCFailedAllocation done
Event: 7.208 Thread 0x000000001672c800 Uncommon trap: trap_request=0xffffff65 fr.pc=0x0000000002aecc0c
Event: 7.208 Thread 0x000000001672c800 DEOPT PACKING pc=0x0000000002aecc0c sp=0x00000000170beda0
Event: 7.208 Thread 0x000000001672c800 DEOPT UNPACKING pc=0x00000000025f582a sp=0x00000000170bedd0 mode 2
Event: 7.290 Thread 0x00000000023ae000 Uncommon trap: trap_request=0x000000d0 fr.pc=0x0000000002aa0cc8
Event: 7.290 Thread 0x00000000023ae000 DEOPT PACKING pc=0x0000000002aa0cc8 sp=0x00000000022fe6c0
Event: 7.290 Thread 0x00000000023ae000 DEOPT UNPACKING pc=0x00000000025f582a sp=0x00000000022fe688 mode 2
Event: 7.304 loading class com/android/dx/cf/attrib/AttExceptions
Event: 7.304 loading class com/android/dx/cf/attrib/AttExceptions done


Dynamic libraries:
0x00007ff6abb30000 - 0x00007ff6abb67000 	C:\Program Files\Java\jdk1.8.0_60\bin\java.exe
0x00007ffaf7d80000 - 0x00007ffaf7f51000 	C:\WINDOWS\SYSTEM32\ntdll.dll
0x00007ffaf7cd0000 - 0x00007ffaf7d7b000 	C:\WINDOWS\System32\KERNEL32.DLL
0x00007ffaf4270000 - 0x00007ffaf448d000 	C:\WINDOWS\System32\KERNELBASE.dll
0x00007ffaf76d0000 - 0x00007ffaf7772000 	C:\WINDOWS\System32\ADVAPI32.dll
0x00007ffaf5350000 - 0x00007ffaf53ee000 	C:\WINDOWS\System32\msvcrt.dll
0x00007ffaf5420000 - 0x00007ffaf5479000 	C:\WINDOWS\System32\sechost.dll
0x00007ffaf5e30000 - 0x00007ffaf5f51000 	C:\WINDOWS\System32\RPCRT4.dll
0x00007ffaf5540000 - 0x00007ffaf56a5000 	C:\WINDOWS\System32\USER32.dll
0x00007ffaf4650000 - 0x00007ffaf466e000 	C:\WINDOWS\System32\win32u.dll
0x00007ffaf7850000 - 0x00007ffaf7884000 	C:\WINDOWS\System32\GDI32.dll
0x00007ffaf46c0000 - 0x00007ffaf4842000 	C:\WINDOWS\System32\gdi32full.dll
0x00007ffae4a60000 - 0x00007ffae4cd9000 	C:\WINDOWS\WinSxS\amd64_microsoft.windows.common-controls_6595b64144ccf1df_6.0.14393.447_none_42191651c6827bb3\COMCTL32.dll
0x00007ffaf7890000 - 0x00007ffaf7b57000 	C:\WINDOWS\System32\combase.dll
0x00007ffaf4fd0000 - 0x00007ffaf50c5000 	C:\WINDOWS\System32\ucrtbase.dll
0x00007ffaf52a0000 - 0x00007ffaf530a000 	C:\WINDOWS\System32\bcryptPrimitives.dll
0x00007ffaf5320000 - 0x00007ffaf534e000 	C:\WINDOWS\System32\IMM32.DLL
0x0000000053fd0000 - 0x00000000540a2000 	C:\Program Files\Java\jdk1.8.0_60\jre\bin\msvcr100.dll
0x0000000053740000 - 0x0000000053fc9000 	C:\Program Files\Java\jdk1.8.0_60\jre\bin\server\jvm.dll
0x00007ffaf77e0000 - 0x00007ffaf77e8000 	C:\WINDOWS\System32\PSAPI.DLL
0x00007ffada710000 - 0x00007ffada719000 	C:\WINDOWS\SYSTEM32\WSOCK32.dll
0x00007ffaf7c60000 - 0x00007ffaf7cca000 	C:\WINDOWS\System32\WS2_32.dll
0x00007ffaf1af0000 - 0x00007ffaf1b13000 	C:\WINDOWS\SYSTEM32\WINMM.dll
0x00007ffaf2760000 - 0x00007ffaf276a000 	C:\WINDOWS\SYSTEM32\VERSION.dll
0x00007ffaf1ac0000 - 0x00007ffaf1aeb000 	C:\WINDOWS\SYSTEM32\WINMMBASE.dll
0x00007ffaf4670000 - 0x00007ffaf46b2000 	C:\WINDOWS\System32\cfgmgr32.dll
0x0000000053730000 - 0x000000005373f000 	C:\Program Files\Java\jdk1.8.0_60\jre\bin\verify.dll
0x0000000053700000 - 0x0000000053729000 	C:\Program Files\Java\jdk1.8.0_60\jre\bin\java.dll
0x00000000536e0000 - 0x00000000536f6000 	C:\Program Files\Java\jdk1.8.0_60\jre\bin\zip.dll
0x00007ffaf60c0000 - 0x00007ffaf75c9000 	C:\WINDOWS\System32\SHELL32.dll
0x00007ffaf48f0000 - 0x00007ffaf4fca000 	C:\WINDOWS\System32\windows.storage.dll
0x00007ffaf41f0000 - 0x00007ffaf423c000 	C:\WINDOWS\System32\powrprof.dll
0x00007ffaf7670000 - 0x00007ffaf76c2000 	C:\WINDOWS\System32\shlwapi.dll
0x00007ffaf41e0000 - 0x00007ffaf41ef000 	C:\WINDOWS\System32\kernel.appcore.dll
0x00007ffaf45a0000 - 0x00007ffaf4649000 	C:\WINDOWS\System32\shcore.dll
0x00007ffaf4250000 - 0x00007ffaf4264000 	C:\WINDOWS\System32\profapi.dll

VM Arguments:
jvm_args: -Djava.awt.headless=true -Xmx1024M -Dfile.encoding=windows-1252 -Duser.country=US -Duser.language=en -Duser.variant 
java_command: com.android.dx.command.Main --dex --force-jumbo --num-threads=4 --output C:\Users\Joel Christophel\OneDrive\Programming Projects\Android Studio Projects\Pong\app\build\intermediates\pre-dexed\debug\com.android.support-appcompat-v7-22.2.1_0007a204b42cb4825c81fe338d91baa8d316b26a.jar C:\Users\Joel Christophel\OneDrive\Programming Projects\Android Studio Projects\Pong\app\build\intermediates\exploded-aar\com.android.support\appcompat-v7\22.2.1\jars\classes.jar
java_class_path (initial): C:\Users\Joel Christophel\AppData\Local\Android\sdk\build-tools\23.0.0\lib\dx.jar
Launcher Type: SUN_STANDARD

Environment Variables:
JAVA_HOME=C:\Program Files\Java\jdk1.8.0_60
PATH=C:\Python27\Lib\site-packages\PyQt4;C:\ProgramData\Oracle\Java\javapath;C:\Program Files (x86)\Intel\iCLS Client\;C:\Program Files\Intel\iCLS Client\;C:\WINDOWS\system32;C:\WINDOWS;C:\WINDOWS\System32\Wbem;C:\WINDOWS\System32\WindowsPowerShell\v1.0\;C:\Program Files\Intel\Intel(R) Management Engine Components\DAL;C:\Program Files\Intel\Intel(R) Management Engine Components\IPT;C:\Program Files (x86)\Intel\Intel(R) Management Engine Components\DAL;C:\Program Files (x86)\Intel\Intel(R) Management Engine Components\IPT;C:\Program Files\Git\cmd;C:\Python27;C:\Python27\DLLs;C:\Python27\Scripts;C:\Python27\gnuplot\binary;C:\Program Files (x86)\pythonxy\SciTE-3.5.1-4;C:\Program Files (x86)\pythonxy\console;C:\Program Files\Java\jre1.8.0_92\bin;C:\Users\Joel Christophel\OneDrive\Programming Projects\Libraries;C:\Program Files (x86)\Skype\Phone\;C:\Program Files\ffmpeg\bin;C:\Program Files\Microsoft\Web Platform Installer\;C:\Program Files (x86)\Windows Kits\10\Windows Performance Toolkit\;C:\Program Files (x86)\Brackets\command;C:\Program Files\Intel\WiFi\bin\;C:\Program Files\Common Files\Intel\WirelessCommon\;C:\Program Files\MiKTeX 2.9\miktex\bin\x64\;C:\Users\Joel Christophel\AppData\Local\Programs\Python\Python36\Scripts\;C:\Users\Joel Christophel\AppData\Local\Programs\Python\Python36\;C:\Ruby23-x64\bin;C:\Program Files\Intel\WiFi\bin\;C:\Program Files\Common Files\Intel\WirelessCommon\;C:\Users\Joel Christophel\AppData\Local\Microsoft\WindowsApps;
USERNAME=Joel Christophel
OS=Windows_NT
PROCESSOR_IDENTIFIER=Intel64 Family 6 Model 69 Stepping 1, GenuineIntel



---------------  S Y S T E M  ---------------

OS: Windows 10.0 , 64 bit Build 14393 (10.0.14393.0)

CPU:total 4 (2 cores per cpu, 2 threads per core) family 6 model 69 stepping 1, cmov, cx8, fxsr, mmx, sse, sse2, sse3, ssse3, sse4.1, sse4.2, popcnt, avx, avx2, aes, clmul, erms, lzcnt, ht, tsc, tscinvbit, bmi1, bmi2

Memory: 4k page, physical 8298776k(1630184k free), swap 13790528k(6080k free)

vm_info: Java HotSpot(TM) 64-Bit Server VM (25.60-b23) for windows-amd64 JRE (1.8.0_60-b27), built on Aug  4 2015 11:06:27 by "java_re" with MS VC++ 10.0 (VS2010)

time: Thu Dec 01 16:58:15 2016
elapsed time: 8 seconds (0d 0h 0m 8s)

